0 info it worked if it ends with ok
1 verbose cli [ '/Users/giuseppetomasello/.nvm/versions/node/v7.4.0/bin/node',
1 verbose cli   '/Users/giuseppetomasello/.nvm/versions/node/v7.4.0/bin/npm',
1 verbose cli   'run',
1 verbose cli   'build' ]
2 info using npm@4.0.5
3 info using node@v7.4.0
4 verbose run-script [ 'prebuild', 'build', 'postbuild' ]
5 info lifecycle udemy-nodejs-angular2@1.0.0~prebuild: udemy-nodejs-angular2@1.0.0
6 silly lifecycle udemy-nodejs-angular2@1.0.0~prebuild: no script for prebuild, continuing
7 info lifecycle udemy-nodejs-angular2@1.0.0~build: udemy-nodejs-angular2@1.0.0
8 verbose lifecycle udemy-nodejs-angular2@1.0.0~build: unsafe-perm in lifecycle true
9 verbose lifecycle udemy-nodejs-angular2@1.0.0~build: PATH: /Users/giuseppetomasello/.nvm/versions/node/v7.4.0/lib/node_modules/npm/bin/node-gyp-bin:/Users/giuseppetomasello/Desktop/MEAN STACK/01 Seed/node_modules/.bin:/Users/giuseppetomasello/.nvm/versions/node/v7.4.0/bin:/Users/giuseppetomasello/anaconda3/bin:/Library/Frameworks/Python.framework/Versions/3.6/bin:/usr/local/bin:/usr/bin:/bin:/usr/sbin:/sbin:/opt/X11/bin
10 verbose lifecycle udemy-nodejs-angular2@1.0.0~build: CWD: /Users/giuseppetomasello/Desktop/MEAN STACK/01 Seed
11 silly lifecycle udemy-nodejs-angular2@1.0.0~build: Args: [ '-c',
11 silly lifecycle   'del-cli public/js/app && webpack --config webpack.config.dev.js --progress --profile --watch' ]
12 silly lifecycle udemy-nodejs-angular2@1.0.0~build: Returned: code: 143  signal: null
13 info lifecycle udemy-nodejs-angular2@1.0.0~build: Failed to exec build script
14 verbose stack Error: udemy-nodejs-angular2@1.0.0 build: `del-cli public/js/app && webpack --config webpack.config.dev.js --progress --profile --watch`
14 verbose stack Exit status 143
14 verbose stack     at EventEmitter.<anonymous> (/Users/giuseppetomasello/.nvm/versions/node/v7.4.0/lib/node_modules/npm/lib/utils/lifecycle.js:279:16)
14 verbose stack     at emitTwo (events.js:106:13)
14 verbose stack     at EventEmitter.emit (events.js:191:7)
14 verbose stack     at ChildProcess.<anonymous> (/Users/giuseppetomasello/.nvm/versions/node/v7.4.0/lib/node_modules/npm/lib/utils/spawn.js:40:14)
14 verbose stack     at emitTwo (events.js:106:13)
14 verbose stack     at ChildProcess.emit (events.js:191:7)
14 verbose stack     at maybeClose (internal/child_process.js:885:16)
14 verbose stack     at Process.ChildProcess._handle.onexit (internal/child_process.js:226:5)
15 verbose pkgid udemy-nodejs-angular2@1.0.0
16 verbose cwd /Users/giuseppetomasello/Desktop/MEAN STACK/01 Seed
17 error Darwin 14.5.0
18 error argv "/Users/giuseppetomasello/.nvm/versions/node/v7.4.0/bin/node" "/Users/giuseppetomasello/.nvm/versions/node/v7.4.0/bin/npm" "run" "build"
19 error node v7.4.0
20 error npm  v4.0.5
21 error code ELIFECYCLE
22 error udemy-nodejs-angular2@1.0.0 build: `del-cli public/js/app && webpack --config webpack.config.dev.js --progress --profile --watch`
22 error Exit status 143
23 error Failed at the udemy-nodejs-angular2@1.0.0 build script 'del-cli public/js/app && webpack --config webpack.config.dev.js --progress --profile --watch'.
23 error Make sure you have the latest version of node.js and npm installed.
23 error If you do, this is most likely a problem with the udemy-nodejs-angular2 package,
23 error not with npm itself.
23 error Tell the author that this fails on your system:
23 error     del-cli public/js/app && webpack --config webpack.config.dev.js --progress --profile --watch
23 error You can get information on how to open an issue for this project with:
23 error     npm bugs udemy-nodejs-angular2
23 error Or if that isn't available, you can get their info via:
23 error     npm owner ls udemy-nodejs-angular2
23 error There is likely additional logging output above.
24 verbose exit [ 1, true ]
